# JRE version: OpenJDK Runtime Environment (8.0_292-b10) (build 1.8.0_292-8u292-b10-0ubuntu1~20.04-b10)
# Java VM: OpenJDK 64-Bit Server VM (25.292-b10 mixed mode linux-amd64 compressed oops)
Heap:
 PSYoungGen      total 320000K, used 181779K [0x00000000eab00000, 0x0000000100000000, 0x0000000100000000)
  eden space 291328K, 52% used [0x00000000eab00000,0x00000000f40869a0,0x00000000fc780000)
  from space 28672K, 99% used [0x00000000fc780000,0x00000000fe37e368,0x00000000fe380000)
  to   space 29184K, 0% used [0x00000000fe380000,0x00000000fe380000,0x0000000100000000)
 ParOldGen       total 126464K, used 65788K [0x00000000c0000000, 0x00000000c7b80000, 0x00000000eab00000)
  object space 126464K, 52% used [0x00000000c0000000,0x00000000c403f148,0x00000000c7b80000)
 Metaspace       used 139478K, capacity 154658K, committed 154752K, reserved 1185792K
  class space    used 18208K, capacity 19251K, committed 19328K, reserved 1048576K
GC Heap History (10 events):
Event: 4,967 GC heap before
{Heap before GC invocations=17 (full 3):
 PSYoungGen      total 181248K, used 167424K [0x00000000eab00000, 0x00000000fae80000, 0x0000000100000000)
  eden space 167424K, 100% used [0x00000000eab00000,0x00000000f4e80000,0x00000000f4e80000)
  from space 13824K, 0% used [0x00000000f4e80000,0x00000000f4e80000,0x00000000f5c00000)
  to   space 14336K, 0% used [0x00000000fa080000,0x00000000fa080000,0x00000000fae80000)
 ParOldGen       total 73216K, used 12628K [0x00000000c0000000, 0x00000000c4780000, 0x00000000eab00000)
  object space 73216K, 17% used [0x00000000c0000000,0x00000000c0c552d0,0x00000000c4780000)
 Metaspace       used 72009K, capacity 79154K, committed 79488K, reserved 1118208K
  class space    used 9682K, capacity 10293K, committed 10368K, reserved 1048576K
Event: 4,976 GC heap after
Heap after GC invocations=17 (full 3):
 PSYoungGen      total 245248K, used 14313K [0x00000000eab00000, 0x00000000fb080000, 0x0000000100000000)
  eden space 230912K, 0% used [0x00000000eab00000,0x00000000eab00000,0x00000000f8c80000)
  from space 14336K, 99% used [0x00000000fa080000,0x00000000fae7a790,0x00000000fae80000)
  to   space 18432K, 0% used [0x00000000f8c80000,0x00000000f8c80000,0x00000000f9e80000)
 ParOldGen       total 73216K, used 19089K [0x00000000c0000000, 0x00000000c4780000, 0x00000000eab00000)
  object space 73216K, 26% used [0x00000000c0000000,0x00000000c12a4600,0x00000000c4780000)
 Metaspace       used 72009K, capacity 79154K, committed 79488K, reserved 1118208K
  class space    used 9682K, capacity 10293K, committed 10368K, reserved 1048576K
}
Event: 5,915 GC heap before
{Heap before GC invocations=18 (full 3):
 PSYoungGen      total 245248K, used 245225K [0x00000000eab00000, 0x00000000fb080000, 0x0000000100000000)
  eden space 230912K, 100% used [0x00000000eab00000,0x00000000f8c80000,0x00000000f8c80000)
  from space 14336K, 99% used [0x00000000fa080000,0x00000000fae7a790,0x00000000fae80000)
  to   space 18432K, 0% used [0x00000000f8c80000,0x00000000f8c80000,0x00000000f9e80000)
 ParOldGen       total 73216K, used 19089K [0x00000000c0000000, 0x00000000c4780000, 0x00000000eab00000)
  object space 73216K, 26% used [0x00000000c0000000,0x00000000c12a4618,0x00000000c4780000)
 Metaspace       used 84279K, capacity 93123K, committed 93184K, reserved 1130496K
  class space    used 11303K, capacity 11975K, committed 12032K, reserved 1048576K
Event: 5,941 GC heap after
Heap after GC invocations=18 (full 3):
 PSYoungGen      total 249344K, used 18427K [0x00000000eab00000, 0x0000000100000000, 0x0000000100000000)
  eden space 230912K, 0% used [0x00000000eab00000,0x00000000eab00000,0x00000000f8c80000)
  from space 18432K, 99% used [0x00000000f8c80000,0x00000000f9e7ee08,0x00000000f9e80000)
  to   space 29184K, 0% used [0x00000000fe380000,0x00000000fe380000,0x0000000100000000)
 ParOldGen       total 73216K, used 40376K [0x00000000c0000000, 0x00000000c4780000, 0x00000000eab00000)
  object space 73216K, 55% used [0x00000000c0000000,0x00000000c276e118,0x00000000c4780000)
 Metaspace       used 84279K, capacity 93123K, committed 93184K, reserved 1130496K
  class space    used 11303K, capacity 11975K, committed 12032K, reserved 1048576K
}
Event: 6,179 GC heap before
{Heap before GC invocations=19 (full 3):
 PSYoungGen      total 249344K, used 249339K [0x00000000eab00000, 0x0000000100000000, 0x0000000100000000)
  eden space 230912K, 100% used [0x00000000eab00000,0x00000000f8c80000,0x00000000f8c80000)
  from space 18432K, 99% used [0x00000000f8c80000,0x00000000f9e7ee08,0x00000000f9e80000)
  to   space 29184K, 0% used [0x00000000fe380000,0x00000000fe380000,0x0000000100000000)
 ParOldGen       total 73216K, used 40381K [0x00000000c0000000, 0x00000000c4780000, 0x00000000eab00000)
  object space 73216K, 55% used [0x00000000c0000000,0x00000000c276f598,0x00000000c4780000)
 Metaspace       used 85872K, capacity 94993K, committed 95104K, reserved 1132544K
  class space    used 11456K, capacity 12116K, committed 12160K, reserved 1048576K
Event: 6,190 GC heap after
Heap after GC invocations=19 (full 3):
 PSYoungGen      total 320512K, used 3972K [0x00000000eab00000, 0x0000000100000000, 0x0000000100000000)
  eden space 291328K, 0% used [0x00000000eab00000,0x00000000eab00000,0x00000000fc780000)
  from space 29184K, 13% used [0x00000000fe380000,0x00000000fe761298,0x0000000100000000)
  to   space 28672K, 0% used [0x00000000fc780000,0x00000000fc780000,0x00000000fe380000)
 ParOldGen       total 73216K, used 58755K [0x00000000c0000000, 0x00000000c4780000, 0x00000000eab00000)
  object space 73216K, 80% used [0x00000000c0000000,0x00000000c3960e58,0x00000000c4780000)
 Metaspace       used 85872K, capacity 94993K, committed 95104K, reserved 1132544K
  class space    used 11456K, capacity 12116K, committed 12160K, reserved 1048576K
}
Event: 6,190 GC heap before
{Heap before GC invocations=20 (full 4):
 PSYoungGen      total 320512K, used 3972K [0x00000000eab00000, 0x0000000100000000, 0x0000000100000000)
  eden space 291328K, 0% used [0x00000000eab00000,0x00000000eab00000,0x00000000fc780000)
  from space 29184K, 13% used [0x00000000fe380000,0x00000000fe761298,0x0000000100000000)
  to   space 28672K, 0% used [0x00000000fc780000,0x00000000fc780000,0x00000000fe380000)
 ParOldGen       total 73216K, used 58755K [0x00000000c0000000, 0x00000000c4780000, 0x00000000eab00000)
  object space 73216K, 80% used [0x00000000c0000000,0x00000000c3960e58,0x00000000c4780000)
 Metaspace       used 85872K, capacity 94993K, committed 95104K, reserved 1132544K
  class space    used 11456K, capacity 12116K, committed 12160K, reserved 1048576K
Event: 6,264 GC heap after
Heap after GC invocations=20 (full 4):
 PSYoungGen      total 320512K, used 0K [0x00000000eab00000, 0x0000000100000000, 0x0000000100000000)
  eden space 291328K, 0% used [0x00000000eab00000,0x00000000eab00000,0x00000000fc780000)
  from space 29184K, 0% used [0x00000000fe380000,0x00000000fe380000,0x0000000100000000)
  to   space 28672K, 0% used [0x00000000fc780000,0x00000000fc780000,0x00000000fe380000)
 ParOldGen       total 126464K, used 37902K [0x00000000c0000000, 0x00000000c7b80000, 0x00000000eab00000)
  object space 126464K, 29% used [0x00000000c0000000,0x00000000c2503ba8,0x00000000c7b80000)
 Metaspace       used 85866K, capacity 94981K, committed 95104K, reserved 1132544K
  class space    used 11454K, capacity 12114K, committed 12160K, reserved 1048576K
}
Event: 7,858 GC heap before
{Heap before GC invocations=21 (full 4):
 PSYoungGen      total 320512K, used 291328K [0x00000000eab00000, 0x0000000100000000, 0x0000000100000000)
  eden space 291328K, 100% used [0x00000000eab00000,0x00000000fc780000,0x00000000fc780000)
  from space 29184K, 0% used [0x00000000fe380000,0x00000000fe380000,0x0000000100000000)
  to   space 28672K, 0% used [0x00000000fc780000,0x00000000fc780000,0x00000000fe380000)
 ParOldGen       total 126464K, used 37902K [0x00000000c0000000, 0x00000000c7b80000, 0x00000000eab00000)
  object space 126464K, 29% used [0x00000000c0000000,0x00000000c2503ba8,0x00000000c7b80000)
 Metaspace       used 117578K, capacity 130409K, committed 130560K, reserved 1163264K
  class space    used 15602K, capacity 16528K, committed 16640K, reserved 1048576K
Event: 7,877 GC heap after
Heap after GC invocations=21 (full 4):
 PSYoungGen      total 320000K, used 28664K [0x00000000eab00000, 0x0000000100000000, 0x0000000100000000)
  eden space 291328K, 0% used [0x00000000eab00000,0x00000000eab00000,0x00000000fc780000)
  from space 28672K, 99% used [0x00000000fc780000,0x00000000fe37e368,0x00000000fe380000)
  to   space 29184K, 0% used [0x00000000fe380000,0x00000000fe380000,0x0000000100000000)
 ParOldGen       total 126464K, used 65788K [0x00000000c0000000, 0x00000000c7b80000, 0x00000000eab00000)
  object space 126464K, 52% used [0x00000000c0000000,0x00000000c403f148,0x00000000c7b80000)
 Metaspace       used 117578K, capacity 130409K, committed 130560K, reserved 1163264K
  class space    used 15602K, capacity 16528K, committed 16640K, reserved 1048576K
}

